d:\vsrepo\classenginesb\classenginesb\debug\vc141.pdb
d:\vsrepo\classenginesb\classenginesb\debug\vc141.idb
d:\vsrepo\classenginesb\classenginesb\debug\startscene.obj
d:\vsrepo\classenginesb\classenginesb\debug\timer.obj
d:\vsrepo\classenginesb\classenginesb\debug\window.obj
d:\vsrepo\classenginesb\classenginesb\debug\main.obj
d:\vsrepo\classenginesb\classenginesb\debug\game1.obj
d:\vsrepo\classenginesb\classenginesb\debug\gamescene.obj
d:\vsrepo\classenginesb\classenginesb\debug\debug.obj
d:\vsrepo\classenginesb\classenginesb\debug\coreengine.obj
d:\vsrepo\classenginesb\classenginesb\debug\model.obj
d:\vsrepo\classenginesb\classenginesb\debug\gameobject.obj
d:\vsrepo\classenginesb\classenginesb\debug\shaderhandler.obj
d:\vsrepo\classenginesb\classenginesb\debug\mesh.obj
d:\vsrepo\classenginesb\classenginesb\debug\texturehandler.obj
d:\vsrepo\classenginesb\classenginesb\debug\camera.obj
d:\vsrepo\classenginesb\debug\classenginesb.exe
d:\vsrepo\classenginesb\debug\classenginesb.ilk
d:\vsrepo\classenginesb\debug\classenginesb.pdb
d:\vsrepo\classenginesb\classenginesb\debug\classenginesb.tlog\cl.command.1.tlog
d:\vsrepo\classenginesb\classenginesb\debug\classenginesb.tlog\cl.read.1.tlog
d:\vsrepo\classenginesb\classenginesb\debug\classenginesb.tlog\cl.write.1.tlog
d:\vsrepo\classenginesb\classenginesb\debug\classenginesb.tlog\link.command.1.tlog
d:\vsrepo\classenginesb\classenginesb\debug\classenginesb.tlog\link.read.1.tlog
d:\vsrepo\classenginesb\classenginesb\debug\classenginesb.tlog\link.write.1.tlog
